<?xml version="1.0" encoding="UTF-8"?>
<!-- Generated by org.testng.reporters.JUnitReportReporter -->
<testsuite hostname="Gurleens-MacBook-Pro.local" failures="0" tests="2" name="tests.Testing2" time="0.004" errors="0" timestamp="2024-07-22T22:47:42 EDT" skipped="0">
  <testcase classname="tests.Testing2" name="test4" time="0.001"/>
  <testcase classname="tests.Testing2" name="test5" time="0.003"/>
</testsuite> <!-- tests.Testing2 -->
