<?xml version="1.0" encoding="UTF-8"?>
<!-- Generated by org.testng.reporters.JUnitReportReporter -->
<testsuite hostname="Gurleens-MacBook-Pro.local" failures="0" tests="6" name="tests.Testing1" time="0.039" errors="0" timestamp="2024-07-22T22:47:42 EDT" skipped="0">
  <testcase classname="tests.Testing1" name="hello" time="0.012"/>
  <testcase classname="tests.Testing1" name="hello" time="0.004"/>
  <testcase classname="tests.Testing1" name="test3" time="0.008"/>
  <testcase classname="tests.Testing1" name="hello" time="0.002"/>
  <testcase classname="tests.Testing1" name="test2" time="0.008"/>
  <testcase classname="tests.Testing1" name="test1" time="0.005"/>
</testsuite> <!-- tests.Testing1 -->
