<?xml version="1.0" encoding="UTF-8"?>
<!-- Generated by org.testng.reporters.JUnitReportReporter -->
<testsuite hostname="Gurleens-MacBook-Pro.local" failures="0" tests="1" name="testcases.LoginTest" time="16.804" errors="0" timestamp="2024-08-15T20:44:12 EDT" skipped="0">
  <testcase classname="testcases.LoginTest" name="loginWithWrongUsername" time="16.804"/>
</testsuite> <!-- testcases.LoginTest -->
