<?xml version="1.0" encoding="UTF-8"?>
<!-- Generated by org.testng.reporters.JUnitReportReporter -->
<testsuite hostname="Gurleens-MacBook-Pro.local" failures="0" tests="6" name="testcases.HomepageTest" time="105.084" errors="0" timestamp="2024-08-15T20:44:12 EDT" skipped="0">
  <testcase classname="testcases.HomepageTest" name="verifyBestSellerTest" time="19.575"/>
  <testcase classname="testcases.HomepageTest" name="verifyAddressTabTest" time="15.702"/>
  <testcase classname="testcases.HomepageTest" name="verifyCategoryTabTest" time="14.992"/>
  <testcase classname="testcases.HomepageTest" name="verifyPlaceholderTest" time="16.869"/>
  <testcase classname="testcases.HomepageTest" name="verifyTitleTest" time="16.530"/>
  <testcase classname="testcases.HomepageTest" name="verifyHomebuttonTest" time="21.416"/>
</testsuite> <!-- testcases.HomepageTest -->
