<?xml version="1.0" encoding="UTF-8"?>
<!-- Generated by org.testng.reporters.JUnitReportReporter -->
<testsuite hostname="Gurleens-MacBook-Pro.local" failures="0" tests="3" name="testcases.BestSellerPageTest" time="73.654" errors="0" timestamp="2024-08-15T20:44:12 EDT" skipped="0">
  <testcase classname="testcases.BestSellerPageTest" name="verifyBannerTest" time="19.055"/>
  <testcase classname="testcases.BestSellerPageTest" name="verifyBestSellerTitleTest" time="33.061"/>
  <testcase classname="testcases.BestSellerPageTest" name="verifyDealTabTest" time="21.538"/>
</testsuite> <!-- testcases.BestSellerPageTest -->
