<?xml version="1.0" encoding="UTF-8"?>
<!-- Generated by org.testng.reporters.JUnitReportReporter -->
<testsuite hostname="Gurleens-MacBook-Pro.local" failures="0" tests="1" name="testcases.LoginTest" time="6.029" errors="0" timestamp="2024-08-05T15:35:42 EDT" skipped="0">
  <testcase classname="testcases.LoginTest" name="loginWithWrongUsername" time="6.029"/>
</testsuite> <!-- testcases.LoginTest -->
