<?xml version="1.0" encoding="UTF-8"?>
<!-- Generated by org.testng.reporters.JUnitReportReporter -->
<testsuite hostname="Gurleens-MacBook-Pro.local" failures="0" tests="6" name="testcases.HomepageTest" time="42.825" errors="0" timestamp="2024-08-05T15:35:42 EDT" skipped="0">
  <testcase classname="testcases.HomepageTest" name="verifyBestSellerTest" time="8.258"/>
  <testcase classname="testcases.HomepageTest" name="verifyCategoryTabTest" time="5.874"/>
  <testcase classname="testcases.HomepageTest" name="verifyHomebuttonTest" time="7.970"/>
  <testcase classname="testcases.HomepageTest" name="verifyAddressTabTest" time="7.152"/>
  <testcase classname="testcases.HomepageTest" name="verifyPlaceholderTest" time="7.167"/>
  <testcase classname="testcases.HomepageTest" name="verifyTitleTest" time="6.404"/>
</testsuite> <!-- testcases.HomepageTest -->
