<?xml version="1.0" encoding="UTF-8"?>
<!-- Generated by org.testng.reporters.JUnitReportReporter -->
<testsuite hostname="Gurleens-MacBook-Pro.local" failures="0" tests="3" name="testcases.BestSellerPageTest" time="27.275" errors="0" timestamp="2024-08-05T15:35:42 EDT" skipped="0">
  <testcase classname="testcases.BestSellerPageTest" name="verifyBannerTest" time="7.991"/>
  <testcase classname="testcases.BestSellerPageTest" name="verifyBestSellerTitleTest" time="8.759"/>
  <testcase classname="testcases.BestSellerPageTest" name="verifyDealTabTest" time="10.525"/>
</testsuite> <!-- testcases.BestSellerPageTest -->
